{"name":"asUserWantToSendMessageWithCorrectData","status":"broken","statusDetails":{"known":false,"muted":false,"flaky":false,"message":"Element should have been \"select\" but was \"input\"\nBuild info: version: '3.141.59', revision: 'e82be7d358', time: '2018-11-14T08:17:03'\nSystem info: host: 'DESKTOP-JOCV0F2', ip: '192.168.56.1', os.name: 'Windows 10', os.arch: 'amd64', os.version: '10.0', java.version: '9.0.4'\nDriver info: driver.version: unknown","trace":"org.openqa.selenium.support.ui.UnexpectedTagNameException: Element should have been \"select\" but was \"input\"\nBuild info: version: '3.141.59', revision: 'e82be7d358', time: '2018-11-14T08:17:03'\nSystem info: host: 'DESKTOP-JOCV0F2', ip: '192.168.56.1', os.name: 'Windows 10', os.arch: 'amd64', os.version: '10.0', java.version: '9.0.4'\nDriver info: driver.version: unknown\r\n\tat org.openqa.selenium.support.ui.Select.<init>(Select.java:48)\r\n\tat page.objects.ContactUsPage.selectSubjectHeading(ContactUsPage.java:34)\r\n\tat tests.PositiveContactUsTests.asUserWantToSendMessageWithCorrectData(PositiveContactUsTests.java:23)\r\n\tat java.base/jdk.internal.reflect.NativeMethodAccessorImpl.invoke0(Native Method)\r\n\tat java.base/jdk.internal.reflect.NativeMethodAccessorImpl.invoke(NativeMethodAccessorImpl.java:62)\r\n\tat java.base/jdk.internal.reflect.DelegatingMethodAccessorImpl.invoke(DelegatingMethodAccessorImpl.java:43)\r\n\tat java.base/java.lang.reflect.Method.invoke(Method.java:564)\r\n\tat org.testng.internal.MethodInvocationHelper.invokeMethod(MethodInvocationHelper.java:133)\r\n\tat org.testng.internal.TestInvoker.invokeMethod(TestInvoker.java:584)\r\n\tat org.testng.internal.TestInvoker.invokeTestMethod(TestInvoker.java:172)\r\n\tat org.testng.internal.MethodRunner.runInSequence(MethodRunner.java:46)\r\n\tat org.testng.internal.TestInvoker$MethodInvocationAgent.invoke(TestInvoker.java:804)\r\n\tat org.testng.internal.TestInvoker.invokeTestMethods(TestInvoker.java:145)\r\n\tat org.testng.internal.TestMethodWorker.invokeTestMethods(TestMethodWorker.java:146)\r\n\tat org.testng.internal.TestMethodWorker.run(TestMethodWorker.java:128)\r\n\tat java.base/java.util.ArrayList.forEach(ArrayList.java:1380)\r\n\tat org.testng.TestRunner.privateRun(TestRunner.java:770)\r\n\tat org.testng.TestRunner.run(TestRunner.java:591)\r\n\tat org.testng.SuiteRunner.runTest(SuiteRunner.java:402)\r\n\tat org.testng.SuiteRunner.runSequentially(SuiteRunner.java:396)\r\n\tat org.testng.SuiteRunner.privateRun(SuiteRunner.java:355)\r\n\tat org.testng.SuiteRunner.run(SuiteRunner.java:304)\r\n\tat org.testng.SuiteRunnerWorker.runSuite(SuiteRunnerWorker.java:53)\r\n\tat org.testng.SuiteRunnerWorker.run(SuiteRunnerWorker.java:96)\r\n\tat org.testng.TestNG.runSuitesSequentially(TestNG.java:1180)\r\n\tat org.testng.TestNG.runSuitesLocally(TestNG.java:1102)\r\n\tat org.testng.TestNG.runSuites(TestNG.java:1032)\r\n\tat org.testng.TestNG.run(TestNG.java:1000)\r\n\tat com.intellij.rt.testng.IDEARemoteTestNG.run(IDEARemoteTestNG.java:66)\r\n\tat com.intellij.rt.testng.RemoteTestNGStarter.main(RemoteTestNGStarter.java:109)\r\n"},"stage":"finished","steps":[{"name":"Navigating to URL: http://automationpractice.com/index.php?controller=contact","status":"passed","stage":"finished","steps":[],"attachments":[],"parameters":[{"name":"pageUrl","value":"http://automationpractice.com/index.php?controller=contact"}],"start":1604516866100,"stop":1604516867031},{"name":"typeEmailAddress","status":"passed","stage":"finished","steps":[],"attachments":[],"parameters":[{"name":"email","value":"test11@google.pl"}],"start":1604516867087,"stop":1604516867286},{"name":"selectSubjectHeading","status":"broken","statusDetails":{"known":false,"muted":false,"flaky":false,"message":"Element should have been \"select\" but was \"input\"\nBuild info: version: '3.141.59', revision: 'e82be7d358', time: '2018-11-14T08:17:03'\nSystem info: host: 'DESKTOP-JOCV0F2', ip: '192.168.56.1', os.name: 'Windows 10', os.arch: 'amd64', os.version: '10.0', java.version: '9.0.4'\nDriver info: driver.version: unknown","trace":"org.openqa.selenium.support.ui.UnexpectedTagNameException: Element should have been \"select\" but was \"input\"\nBuild info: version: '3.141.59', revision: 'e82be7d358', time: '2018-11-14T08:17:03'\nSystem info: host: 'DESKTOP-JOCV0F2', ip: '192.168.56.1', os.name: 'Windows 10', os.arch: 'amd64', os.version: '10.0', java.version: '9.0.4'\nDriver info: driver.version: unknown\r\n\tat org.openqa.selenium.support.ui.Select.<init>(Select.java:48)\r\n\tat page.objects.ContactUsPage.selectSubjectHeading(ContactUsPage.java:34)\r\n\tat tests.PositiveContactUsTests.asUserWantToSendMessageWithCorrectData(PositiveContactUsTests.java:23)\r\n\tat java.base/jdk.internal.reflect.NativeMethodAccessorImpl.invoke0(Native Method)\r\n\tat java.base/jdk.internal.reflect.NativeMethodAccessorImpl.invoke(NativeMethodAccessorImpl.java:62)\r\n\tat java.base/jdk.internal.reflect.DelegatingMethodAccessorImpl.invoke(DelegatingMethodAccessorImpl.java:43)\r\n\tat java.base/java.lang.reflect.Method.invoke(Method.java:564)\r\n\tat org.testng.internal.MethodInvocationHelper.invokeMethod(MethodInvocationHelper.java:133)\r\n\tat org.testng.internal.TestInvoker.invokeMethod(TestInvoker.java:584)\r\n\tat org.testng.internal.TestInvoker.invokeTestMethod(TestInvoker.java:172)\r\n\tat org.testng.internal.MethodRunner.runInSequence(MethodRunner.java:46)\r\n\tat org.testng.internal.TestInvoker$MethodInvocationAgent.invoke(TestInvoker.java:804)\r\n\tat org.testng.internal.TestInvoker.invokeTestMethods(TestInvoker.java:145)\r\n\tat org.testng.internal.TestMethodWorker.invokeTestMethods(TestMethodWorker.java:146)\r\n\tat org.testng.internal.TestMethodWorker.run(TestMethodWorker.java:128)\r\n\tat java.base/java.util.ArrayList.forEach(ArrayList.java:1380)\r\n\tat org.testng.TestRunner.privateRun(TestRunner.java:770)\r\n\tat org.testng.TestRunner.run(TestRunner.java:591)\r\n\tat org.testng.SuiteRunner.runTest(SuiteRunner.java:402)\r\n\tat org.testng.SuiteRunner.runSequentially(SuiteRunner.java:396)\r\n\tat org.testng.SuiteRunner.privateRun(SuiteRunner.java:355)\r\n\tat org.testng.SuiteRunner.run(SuiteRunner.java:304)\r\n\tat org.testng.SuiteRunnerWorker.runSuite(SuiteRunnerWorker.java:53)\r\n\tat org.testng.SuiteRunnerWorker.run(SuiteRunnerWorker.java:96)\r\n\tat org.testng.TestNG.runSuitesSequentially(TestNG.java:1180)\r\n\tat org.testng.TestNG.runSuitesLocally(TestNG.java:1102)\r\n\tat org.testng.TestNG.runSuites(TestNG.java:1032)\r\n\tat org.testng.TestNG.run(TestNG.java:1000)\r\n\tat com.intellij.rt.testng.IDEARemoteTestNG.run(IDEARemoteTestNG.java:66)\r\n\tat com.intellij.rt.testng.RemoteTestNGStarter.main(RemoteTestNGStarter.java:109)\r\n"},"stage":"finished","steps":[],"attachments":[],"parameters":[{"name":"heading","value":"Customer service"}],"start":1604516867286,"stop":1604516867322}],"attachments":[],"parameters":[],"start":1604516866097,"stop":1604516867328,"uuid":"c05cc82f-dac1-4e04-ab84-36d423d9bbc6","historyId":"7fad57c8e046800361480f162837acd0","fullName":"tests.PositiveContactUsTests.asUserWantToSendMessageWithCorrectData","labels":[{"name":"package","value":"tests.PositiveContactUsTests"},{"name":"testClass","value":"tests.PositiveContactUsTests"},{"name":"testMethod","value":"asUserWantToSendMessageWithCorrectData"},{"name":"parentSuite","value":"Default Suite"},{"name":"suite","value":"pl.engineer-"},{"name":"subSuite","value":"tests.PositiveContactUsTests"},{"name":"host","value":"DESKTOP-JOCV0F2"},{"name":"thread","value":"8788@DESKTOP-JOCV0F2.main(1)"},{"name":"framework","value":"testng"},{"name":"language","value":"java"},{"name":"severity","value":"normal"}],"links":[]}