{
  "uid" : "8a5bc69ad07409e",
  "name" : "asUserWantToLogInWithIncorrectPassword",
  "fullName" : "tests.FailedLoginTests.asUserWantToLogInWithIncorrectPassword",
  "historyId" : "5858a246c0ddf046f8ac0592f2426a46",
  "time" : {
    "start" : 1604265468013,
    "stop" : 1604265471373,
    "duration" : 3360
  },
  "description" : "The goal of this test is to log in using incorrect password and checking if warning message is displayed",
  "descriptionHtml" : "<p>The goal of this test is to log in using incorrect password and checking if warning message is displayed</p>\n",
  "status" : "failed",
  "statusMessage" : "expected [Authentication failed.] but found [An email address required.]",
  "statusTrace" : "java.lang.AssertionError: expected [Authentication failed.] but found [An email address required.]\r\n\tat org.testng.Assert.fail(Assert.java:97)\r\n\tat org.testng.Assert.assertEqualsImpl(Assert.java:136)\r\n\tat org.testng.Assert.assertEquals(Assert.java:118)\r\n\tat org.testng.Assert.assertEquals(Assert.java:575)\r\n\tat org.testng.Assert.assertEquals(Assert.java:585)\r\n\tat tests.FailedLoginTests.asUserWantToLogInWithIncorrectPassword(FailedLoginTests.java:45)\r\n\tat java.base/jdk.internal.reflect.NativeMethodAccessorImpl.invoke0(Native Method)\r\n\tat java.base/jdk.internal.reflect.NativeMethodAccessorImpl.invoke(NativeMethodAccessorImpl.java:62)\r\n\tat java.base/jdk.internal.reflect.DelegatingMethodAccessorImpl.invoke(DelegatingMethodAccessorImpl.java:43)\r\n\tat java.base/java.lang.reflect.Method.invoke(Method.java:564)\r\n\tat org.testng.internal.MethodInvocationHelper.invokeMethod(MethodInvocationHelper.java:133)\r\n\tat org.testng.internal.TestInvoker.invokeMethod(TestInvoker.java:584)\r\n\tat org.testng.internal.TestInvoker.retryFailed(TestInvoker.java:204)\r\n\tat org.testng.internal.MethodRunner.runInSequence(MethodRunner.java:58)\r\n\tat org.testng.internal.TestInvoker$MethodInvocationAgent.invoke(TestInvoker.java:804)\r\n\tat org.testng.internal.TestInvoker.invokeTestMethods(TestInvoker.java:145)\r\n\tat org.testng.internal.TestMethodWorker.invokeTestMethods(TestMethodWorker.java:146)\r\n\tat org.testng.internal.TestMethodWorker.run(TestMethodWorker.java:128)\r\n\tat java.base/java.util.ArrayList.forEach(ArrayList.java:1380)\r\n\tat org.testng.TestRunner.privateRun(TestRunner.java:770)\r\n\tat org.testng.TestRunner.run(TestRunner.java:591)\r\n\tat org.testng.SuiteRunner.runTest(SuiteRunner.java:402)\r\n\tat org.testng.SuiteRunner.access$000(SuiteRunner.java:41)\r\n\tat org.testng.SuiteRunner$SuiteWorker.run(SuiteRunner.java:443)\r\n\tat org.testng.internal.thread.ThreadUtil.lambda$execute$0(ThreadUtil.java:67)\r\n\tat java.base/java.util.concurrent.FutureTask.run(FutureTask.java:264)\r\n\tat java.base/java.util.concurrent.ThreadPoolExecutor.runWorker(ThreadPoolExecutor.java:1167)\r\n\tat java.base/java.util.concurrent.ThreadPoolExecutor$Worker.run(ThreadPoolExecutor.java:641)\r\n\tat java.base/java.lang.Thread.run(Thread.java:844)\r\n",
  "flaky" : true,
  "beforeStages" : [ {
    "name" : "beforeClass",
    "time" : {
      "start" : 1604265431736,
      "stop" : 1604265431738,
      "duration" : 2
    },
    "status" : "passed",
    "steps" : [ ],
    "attachments" : [ ],
    "parameters" : [ ],
    "hasContent" : false,
    "stepsCount" : 0,
    "shouldDisplayMessage" : false,
    "attachmentsCount" : 0
  }, {
    "name" : "beforeTest",
    "time" : {
      "start" : 1604265459045,
      "stop" : 1604265468010,
      "duration" : 8965
    },
    "status" : "passed",
    "steps" : [ {
      "name" : "Maximizing browser window",
      "time" : {
        "start" : 1604265462188,
        "stop" : 1604265464370,
        "duration" : 2182
      },
      "status" : "passed",
      "steps" : [ ],
      "attachments" : [ ],
      "parameters" : [ ],
      "hasContent" : false,
      "stepsCount" : 0,
      "shouldDisplayMessage" : false,
      "attachmentsCount" : 0
    }, {
      "name" : "Navigating to URL: http://automationpractice.com/index.php",
      "time" : {
        "start" : 1604265464370,
        "stop" : 1604265468010,
        "duration" : 3640
      },
      "status" : "passed",
      "steps" : [ ],
      "attachments" : [ ],
      "parameters" : [ {
        "name" : "pageUrl",
        "value" : "http://automationpractice.com/index.php"
      } ],
      "hasContent" : true,
      "stepsCount" : 0,
      "shouldDisplayMessage" : false,
      "attachmentsCount" : 0
    } ],
    "attachments" : [ ],
    "parameters" : [ ],
    "hasContent" : true,
    "stepsCount" : 2,
    "shouldDisplayMessage" : false,
    "attachmentsCount" : 0
  } ],
  "testStage" : {
    "status" : "failed",
    "statusMessage" : "expected [Authentication failed.] but found [An email address required.]",
    "statusTrace" : "java.lang.AssertionError: expected [Authentication failed.] but found [An email address required.]\r\n\tat org.testng.Assert.fail(Assert.java:97)\r\n\tat org.testng.Assert.assertEqualsImpl(Assert.java:136)\r\n\tat org.testng.Assert.assertEquals(Assert.java:118)\r\n\tat org.testng.Assert.assertEquals(Assert.java:575)\r\n\tat org.testng.Assert.assertEquals(Assert.java:585)\r\n\tat tests.FailedLoginTests.asUserWantToLogInWithIncorrectPassword(FailedLoginTests.java:45)\r\n\tat java.base/jdk.internal.reflect.NativeMethodAccessorImpl.invoke0(Native Method)\r\n\tat java.base/jdk.internal.reflect.NativeMethodAccessorImpl.invoke(NativeMethodAccessorImpl.java:62)\r\n\tat java.base/jdk.internal.reflect.DelegatingMethodAccessorImpl.invoke(DelegatingMethodAccessorImpl.java:43)\r\n\tat java.base/java.lang.reflect.Method.invoke(Method.java:564)\r\n\tat org.testng.internal.MethodInvocationHelper.invokeMethod(MethodInvocationHelper.java:133)\r\n\tat org.testng.internal.TestInvoker.invokeMethod(TestInvoker.java:584)\r\n\tat org.testng.internal.TestInvoker.retryFailed(TestInvoker.java:204)\r\n\tat org.testng.internal.MethodRunner.runInSequence(MethodRunner.java:58)\r\n\tat org.testng.internal.TestInvoker$MethodInvocationAgent.invoke(TestInvoker.java:804)\r\n\tat org.testng.internal.TestInvoker.invokeTestMethods(TestInvoker.java:145)\r\n\tat org.testng.internal.TestMethodWorker.invokeTestMethods(TestMethodWorker.java:146)\r\n\tat org.testng.internal.TestMethodWorker.run(TestMethodWorker.java:128)\r\n\tat java.base/java.util.ArrayList.forEach(ArrayList.java:1380)\r\n\tat org.testng.TestRunner.privateRun(TestRunner.java:770)\r\n\tat org.testng.TestRunner.run(TestRunner.java:591)\r\n\tat org.testng.SuiteRunner.runTest(SuiteRunner.java:402)\r\n\tat org.testng.SuiteRunner.access$000(SuiteRunner.java:41)\r\n\tat org.testng.SuiteRunner$SuiteWorker.run(SuiteRunner.java:443)\r\n\tat org.testng.internal.thread.ThreadUtil.lambda$execute$0(ThreadUtil.java:67)\r\n\tat java.base/java.util.concurrent.FutureTask.run(FutureTask.java:264)\r\n\tat java.base/java.util.concurrent.ThreadPoolExecutor.runWorker(ThreadPoolExecutor.java:1167)\r\n\tat java.base/java.util.concurrent.ThreadPoolExecutor$Worker.run(ThreadPoolExecutor.java:641)\r\n\tat java.base/java.lang.Thread.run(Thread.java:844)\r\n",
    "steps" : [ {
      "name" : "Navigating to URL: http://automationpractice.com/index.php?controller=authentication&back=my-account",
      "time" : {
        "start" : 1604265468013,
        "stop" : 1604265469199,
        "duration" : 1186
      },
      "status" : "passed",
      "steps" : [ ],
      "attachments" : [ ],
      "parameters" : [ {
        "name" : "pageUrl",
        "value" : "http://automationpractice.com/index.php?controller=authentication&back=my-account"
      } ],
      "hasContent" : true,
      "stepsCount" : 0,
      "shouldDisplayMessage" : false,
      "attachmentsCount" : 0
    }, {
      "name" : "Type into Email Field {email}",
      "time" : {
        "start" : 1604265469200,
        "stop" : 1604265469351,
        "duration" : 151
      },
      "status" : "passed",
      "steps" : [ ],
      "attachments" : [ ],
      "parameters" : [ {
        "name" : "emailCustomer",
        "value" : "pasta_pasta@google.pl"
      } ],
      "hasContent" : true,
      "stepsCount" : 0,
      "shouldDisplayMessage" : false,
      "attachmentsCount" : 0
    }, {
      "name" : "Type into Password Field {email}",
      "time" : {
        "start" : 1604265469351,
        "stop" : 1604265469468,
        "duration" : 117
      },
      "status" : "passed",
      "steps" : [ ],
      "attachments" : [ ],
      "parameters" : [ {
        "name" : "password",
        "value" : "passw0rd"
      } ],
      "hasContent" : true,
      "stepsCount" : 0,
      "shouldDisplayMessage" : false,
      "attachmentsCount" : 0
    }, {
      "name" : "Click on Submit Log In Button",
      "time" : {
        "start" : 1604265469468,
        "stop" : 1604265471306,
        "duration" : 1838
      },
      "status" : "passed",
      "steps" : [ ],
      "attachments" : [ ],
      "parameters" : [ ],
      "hasContent" : false,
      "stepsCount" : 0,
      "shouldDisplayMessage" : false,
      "attachmentsCount" : 0
    }, {
      "name" : "Getting warning message during log in",
      "time" : {
        "start" : 1604265471306,
        "stop" : 1604265471373,
        "duration" : 67
      },
      "status" : "passed",
      "steps" : [ ],
      "attachments" : [ ],
      "parameters" : [ ],
      "hasContent" : false,
      "stepsCount" : 0,
      "shouldDisplayMessage" : false,
      "attachmentsCount" : 0
    } ],
    "attachments" : [ ],
    "parameters" : [ ],
    "hasContent" : true,
    "stepsCount" : 5,
    "shouldDisplayMessage" : true,
    "attachmentsCount" : 0
  },
  "afterStages" : [ {
    "name" : "afterTest",
    "time" : {
      "start" : 1604265471704,
      "stop" : 1604265473223,
      "duration" : 1519
    },
    "status" : "passed",
    "steps" : [ ],
    "attachments" : [ ],
    "parameters" : [ ],
    "hasContent" : false,
    "stepsCount" : 0,
    "shouldDisplayMessage" : false,
    "attachmentsCount" : 0
  } ],
  "labels" : [ {
    "name" : "package",
    "value" : "tests.FailedLoginTests"
  }, {
    "name" : "testClass",
    "value" : "tests.FailedLoginTests"
  }, {
    "name" : "testMethod",
    "value" : "asUserWantToLogInWithIncorrectPassword"
  }, {
    "name" : "parentSuite",
    "value" : "All automationpractice.com Tests"
  }, {
    "name" : "suite",
    "value" : "Failed Login Tests on Chrome"
  }, {
    "name" : "subSuite",
    "value" : "tests.FailedLoginTests"
  }, {
    "name" : "host",
    "value" : "DESKTOP-JOCV0F2"
  }, {
    "name" : "thread",
    "value" : "12332@DESKTOP-JOCV0F2.TestNG-tests-3(18)"
  }, {
    "name" : "framework",
    "value" : "testng"
  }, {
    "name" : "language",
    "value" : "java"
  }, {
    "name" : "severity",
    "value" : "blocker"
  }, {
    "name" : "resultFormat",
    "value" : "allure2"
  } ],
  "parameters" : [ {
    "name" : "browser",
    "value" : "CHROME"
  } ],
  "links" : [ ],
  "hidden" : false,
  "retry" : false,
  "extra" : {
    "severity" : "blocker",
    "retries" : [ {
      "uid" : "bf8f4cce030ac553",
      "status" : "skipped",
      "statusDetails" : "expected [Authentication failed.] but found [An email address required.]",
      "time" : {
        "start" : 1604265455550,
        "stop" : 1604265458351,
        "duration" : 2801
      }
    }, {
      "uid" : "f90f5cc526c0c6c3",
      "status" : "skipped",
      "statusDetails" : "expected [Authentication failed.] but found [An email address required.]",
      "time" : {
        "start" : 1604265442007,
        "stop" : 1604265445310,
        "duration" : 3303
      }
    }, {
      "uid" : "cc70c0ce0414a987",
      "status" : "failed",
      "statusDetails" : "expected [Authentication failed.] but found [An email address required.]",
      "time" : {
        "start" : 1603317497263,
        "stop" : 1603317500915,
        "duration" : 3652
      }
    }, {
      "uid" : "a210d469438cd99f",
      "status" : "skipped",
      "statusDetails" : "expected [Authentication failed.] but found [An email address required.]",
      "time" : {
        "start" : 1603317482905,
        "stop" : 1603317486430,
        "duration" : 3525
      }
    }, {
      "uid" : "4b24acb6cc36bae4",
      "status" : "skipped",
      "statusDetails" : "expected [Authentication failed.] but found [An email address required.]",
      "time" : {
        "start" : 1603317469155,
        "stop" : 1603317472697,
        "duration" : 3542
      }
    } ],
    "categories" : [ {
      "name" : "Product defects",
      "matchedStatuses" : [ ],
      "flaky" : false
    } ],
    "tags" : [ ]
  },
  "source" : "8a5bc69ad07409e.json",
  "parameterValues" : [ "CHROME" ]
}